2026-02-16T05:40:30+0800 debian sudo[1404901]: openclaw : PWD=/home/openclaw/.openclaw/workspace ; USER=root ; TSID=UP ; COMMAND=/usr/bin/journalctl -u openclaw-gateway.service --no-pager --after-cursor s=57cd5fafc9094d9f9037ea5698ab3f3c;i=289fdab;b=15199fa9a7f74c5bb22db4054d049e58;m=49b85fbc4fe;t=64ae3a193f39c;x=c23855d820204b91 -o short-iso
2026-02-16T05:40:30+0800 debian sudo[1404901]: pam_unix(sudo:session): session opened for user root(uid=0) by (uid=1002)
2026-02-16T05:40:30+0800 debian sudo[1404901]: pam_unix(sudo:session): session closed for user root
2026-02-16T05:40:30+0800 debian sudo[1404904]: openclaw : PWD=/home/openclaw/.openclaw/workspace ; USER=root ; TSID=UQ ; COMMAND=/usr/bin/journalctl -u openclaw-gateway.service -n 1 --show-cursor --no-pager
2026-02-16T05:40:30+0800 debian sudo[1404904]: pam_unix(sudo:session): session opened for user root(uid=0) by (uid=1002)
2026-02-16T05:40:30+0800 debian sudo[1404904]: pam_unix(sudo:session): session closed for user root
2026-02-16T05:42:25+0800 debian openclaw[1356054]: 2026-02-15T21:42:25.214Z [agent/embedded] read tool called without path: toolCallId=call_8BwHhitgDw4T8vNSySsdKKqa|fc_0d8b6b2fc730b5690169923dc091b8819994ed09e2ca37236a argsType=object
2026-02-16T05:42:28+0800 debian sudo[1404986]: openclaw : PWD=/home/openclaw/.openclaw/workspace ; USER=root ; TSID=UR ; COMMAND=/usr/bin/journalctl -u openclaw-gateway.service --no-pager --after-cursor s=57cd5fafc9094d9f9037ea5698ab3f3c;i=289fe10;b=15199fa9a7f74c5bb22db4054d049e58;m=49b9461fe49;t=64ae3affa2ce7;x=c4fc1b122c5bdaa6 -o short-iso
2026-02-16T05:42:28+0800 debian sudo[1404986]: pam_unix(sudo:session): session opened for user root(uid=0) by (uid=1002)
2026-02-16T05:42:28+0800 debian sudo[1404986]: pam_unix(sudo:session): session closed for user root
2026-02-16T05:42:28+0800 debian sudo[1404989]: openclaw : PWD=/home/openclaw/.openclaw/workspace ; USER=root ; TSID=US ; COMMAND=/usr/bin/journalctl -u openclaw-gateway.service -n 1 --show-cursor --no-pager
2026-02-16T05:42:28+0800 debian sudo[1404989]: pam_unix(sudo:session): session opened for user root(uid=0) by (uid=1002)
2026-02-16T05:42:28+0800 debian sudo[1404989]: pam_unix(sudo:session): session closed for user root
2026-02-16T05:43:13+0800 debian openclaw[1356054]: 2026-02-16T05:43:13.953+08:00 [openclaw] Non-fatal unhandled rejection (continuing): TypeError: fetch failed
2026-02-16T05:43:13+0800 debian openclaw[1356054]:     at node:internal/deps/undici/undici:14902:13
2026-02-16T05:43:13+0800 debian openclaw[1356054]:     at processTicksAndRejections (node:internal/process/task_queues:105:5)
2026-02-16T05:45:10+0800 debian sudo[1405104]: openclaw : PWD=/home/openclaw/.openclaw/workspace ; USER=root ; TSID=UT ; COMMAND=/usr/bin/journalctl -u openclaw-gateway.service --no-pager --after-cursor s=57cd5fafc9094d9f9037ea5698ab3f3c;i=289fe62;b=15199fa9a7f74c5bb22db4054d049e58;m=49b9b6ced49;t=64ae3b7051be7;x=6046b271037f3336 -o short-iso
2026-02-16T05:45:10+0800 debian sudo[1405104]: pam_unix(sudo:session): session opened for user root(uid=0) by (uid=1002)
2026-02-16T05:45:10+0800 debian sudo[1405104]: pam_unix(sudo:session): session closed for user root
2026-02-16T05:45:10+0800 debian sudo[1405107]: openclaw : PWD=/home/openclaw/.openclaw/workspace ; USER=root ; TSID=UU ; COMMAND=/usr/bin/journalctl -u openclaw-gateway.service -n 1 --show-cursor --no-pager
2026-02-16T05:45:10+0800 debian sudo[1405107]: pam_unix(sudo:session): session opened for user root(uid=0) by (uid=1002)
2026-02-16T05:45:10+0800 debian sudo[1405107]: pam_unix(sudo:session): session closed for user root
2026-02-16T05:45:10+0800 debian sudo[1405117]: openclaw : PWD=/home/openclaw/.openclaw/workspace ; USER=root ; TSID=UV ; COMMAND=/usr/bin/journalctl -u openclaw-gateway.service --since '5 minutes ago' --no-pager -o short-iso
2026-02-16T05:45:10+0800 debian sudo[1405117]: pam_unix(sudo:session): session opened for user root(uid=0) by (uid=1002)
