2026-02-16T04:42:25+0800 debian openclaw[1356054]: 2026-02-15T20:42:25.344Z [agent/embedded] read tool called without path: toolCallId=call_r2FjCcQTWkQpROAdegOklWf2|fc_0d850ab100c0f67f0169922fb0dd288198a9e23659d562c933 argsType=object
2026-02-16T04:42:27+0800 debian sudo[1403024]: openclaw : PWD=/home/openclaw/.openclaw/workspace ; USER=root ; TSID=TD ; COMMAND=/usr/bin/journalctl -u openclaw-gateway.service --no-pager --after-cursor s=57cd5fafc9094d9f9037ea5698ab3f3c;i=289f896;b=15199fa9a7f74c5bb22db4054d049e58;m=49abdcbb51d;t=64ae2d963e3bb;x=14d68d1ac3d32618 -o short-iso
2026-02-16T04:42:27+0800 debian sudo[1403024]: pam_unix(sudo:session): session opened for user root(uid=0) by (uid=1002)
2026-02-16T04:42:27+0800 debian sudo[1403024]: pam_unix(sudo:session): session closed for user root
2026-02-16T04:42:27+0800 debian sudo[1403027]: openclaw : PWD=/home/openclaw/.openclaw/workspace ; USER=root ; TSID=TE ; COMMAND=/usr/bin/journalctl -u openclaw-gateway.service -n 1 --show-cursor --no-pager
2026-02-16T04:42:27+0800 debian sudo[1403027]: pam_unix(sudo:session): session opened for user root(uid=0) by (uid=1002)
2026-02-16T04:42:27+0800 debian sudo[1403027]: pam_unix(sudo:session): session closed for user root
2026-02-16T04:43:02+0800 debian openclaw[1356054]: 2026-02-16T04:43:02.311+08:00 [openclaw] Non-fatal unhandled rejection (continuing): TypeError: fetch failed
2026-02-16T04:43:02+0800 debian openclaw[1356054]:     at node:internal/deps/undici/undici:14902:13
2026-02-16T04:43:02+0800 debian openclaw[1356054]:     at processTicksAndRejections (node:internal/process/task_queues:105:5)
2026-02-16T04:44:38+0800 debian sudo[1403097]: openclaw : PWD=/home/openclaw/.openclaw/workspace ; USER=root ; TSID=TF ; COMMAND=/usr/bin/journalctl -u openclaw-gateway.service --no-pager --after-cursor s=57cd5fafc9094d9f9037ea5698ab3f3c;i=289f8be;b=15199fa9a7f74c5bb22db4054d049e58;m=49ac4c55401;t=64ae2e05d829e;x=5e9bcf7c5cacb3ba -o short-iso
2026-02-16T04:44:38+0800 debian sudo[1403097]: pam_unix(sudo:session): session opened for user root(uid=0) by (uid=1002)
2026-02-16T04:44:38+0800 debian sudo[1403097]: pam_unix(sudo:session): session closed for user root
2026-02-16T04:44:38+0800 debian sudo[1403100]: openclaw : PWD=/home/openclaw/.openclaw/workspace ; USER=root ; TSID=TG ; COMMAND=/usr/bin/journalctl -u openclaw-gateway.service -n 1 --show-cursor --no-pager
2026-02-16T04:44:38+0800 debian sudo[1403100]: pam_unix(sudo:session): session opened for user root(uid=0) by (uid=1002)
2026-02-16T04:44:38+0800 debian sudo[1403100]: pam_unix(sudo:session): session closed for user root
2026-02-16T04:44:38+0800 debian sudo[1403110]: openclaw : PWD=/home/openclaw/.openclaw/workspace ; USER=root ; TSID=TH ; COMMAND=/usr/bin/journalctl -u openclaw-gateway.service --since '5 minutes ago' --no-pager -o short-iso
2026-02-16T04:44:38+0800 debian sudo[1403110]: pam_unix(sudo:session): session opened for user root(uid=0) by (uid=1002)
2026-02-16T04:44:38+0800 debian sudo[1403110]: pam_unix(sudo:session): session closed for user root
2026-02-16T04:44:38+0800 debian sudo[1403114]: openclaw : PWD=/home/openclaw/.openclaw/workspace ; USER=root ; TSID=TI ; COMMAND=/usr/bin/systemctl is-active openclaw-gateway.service
2026-02-16T04:44:38+0800 debian sudo[1403114]: pam_unix(sudo:session): session opened for user root(uid=0) by (uid=1002)
2026-02-16T04:44:38+0800 debian sudo[1403114]: pam_unix(sudo:session): session closed for user root
2026-02-16T04:44:46+0800 debian openclaw[1356054]: 2026-02-16T04:44:46.490+08:00 [openclaw] Non-fatal unhandled rejection (continuing): TypeError: fetch failed
2026-02-16T04:44:46+0800 debian openclaw[1356054]:     at node:internal/deps/undici/undici:14902:13
2026-02-16T04:44:46+0800 debian openclaw[1356054]:     at processTicksAndRejections (node:internal/process/task_queues:105:5)
2026-02-16T04:46:27+0800 debian sudo[1403182]: openclaw : PWD=/home/openclaw/.openclaw/workspace ; USER=root ; TSID=TJ ; COMMAND=/usr/bin/journalctl -u openclaw-gateway.service --no-pager --after-cursor s=57cd5fafc9094d9f9037ea5698ab3f3c;i=289f8fa;b=15199fa9a7f74c5bb22db4054d049e58;m=49acc93d333;t=64ae2e82c01d0;x=3052292b5145565d -o short-iso
2026-02-16T04:46:27+0800 debian sudo[1403182]: pam_unix(sudo:session): session opened for user root(uid=0) by (uid=1002)
2026-02-16T04:46:27+0800 debian sudo[1403182]: pam_unix(sudo:session): session closed for user root
2026-02-16T04:46:27+0800 debian sudo[1403185]: openclaw : PWD=/home/openclaw/.openclaw/workspace ; USER=root ; TSID=TK ; COMMAND=/usr/bin/journalctl -u openclaw-gateway.service -n 1 --show-cursor --no-pager
2026-02-16T04:46:27+0800 debian sudo[1403185]: pam_unix(sudo:session): session opened for user root(uid=0) by (uid=1002)
2026-02-16T04:46:27+0800 debian sudo[1403185]: pam_unix(sudo:session): session closed for user root
2026-02-16T04:46:27+0800 debian sudo[1403195]: openclaw : PWD=/home/openclaw/.openclaw/workspace ; USER=root ; TSID=TL ; COMMAND=/usr/bin/journalctl -u openclaw-gateway.service --since '5 minutes ago' --no-pager -o short-iso
2026-02-16T04:46:27+0800 debian sudo[1403195]: pam_unix(sudo:session): session opened for user root(uid=0) by (uid=1002)
