2026-02-16T15:36:23+0800 debian sudo[1511315]: openclaw : PWD=/home/openclaw/.openclaw/workspace ; USER=root ; TSID=3M ; COMMAND=/usr/bin/journalctl -u openclaw-gateway.service --no-pager --after-cursor s=57cd5fafc9094d9f9037ea5698ab3f3c;i=28aa5cc;b=15199fa9a7f74c5bb22db4054d049e58;m=4a3e03d8e17;t=64aebfbd5bcb5;x=fd9b307ed20537df -o short-iso
2026-02-16T15:36:23+0800 debian sudo[1511315]: pam_unix(sudo:session): session opened for user root(uid=0) by (uid=1002)
2026-02-16T15:36:23+0800 debian sudo[1511315]: pam_unix(sudo:session): session closed for user root
2026-02-16T15:36:23+0800 debian sudo[1511318]: openclaw : PWD=/home/openclaw/.openclaw/workspace ; USER=root ; TSID=3N ; COMMAND=/usr/bin/journalctl -u openclaw-gateway.service -n 1 --show-cursor --no-pager
2026-02-16T15:36:23+0800 debian sudo[1511318]: pam_unix(sudo:session): session opened for user root(uid=0) by (uid=1002)
2026-02-16T15:36:23+0800 debian sudo[1511318]: pam_unix(sudo:session): session closed for user root
2026-02-16T15:38:24+0800 debian sudo[1511370]: openclaw : PWD=/home/openclaw/.openclaw/workspace ; USER=root ; TSID=3O ; COMMAND=/usr/bin/journalctl -u openclaw-gateway.service --no-pager --after-cursor s=57cd5fafc9094d9f9037ea5698ab3f3c;i=28aa5e4;b=15199fa9a7f74c5bb22db4054d049e58;m=4a3e76c986f;t=64aec0304c70d;x=967e1ee04ec09db4 -o short-iso
2026-02-16T15:38:24+0800 debian sudo[1511370]: pam_unix(sudo:session): session opened for user root(uid=0) by (uid=1002)
2026-02-16T15:38:24+0800 debian sudo[1511370]: pam_unix(sudo:session): session closed for user root
2026-02-16T15:38:24+0800 debian sudo[1511373]: openclaw : PWD=/home/openclaw/.openclaw/workspace ; USER=root ; TSID=3P ; COMMAND=/usr/bin/journalctl -u openclaw-gateway.service -n 1 --show-cursor --no-pager
2026-02-16T15:38:24+0800 debian sudo[1511373]: pam_unix(sudo:session): session opened for user root(uid=0) by (uid=1002)
2026-02-16T15:38:24+0800 debian sudo[1511373]: pam_unix(sudo:session): session closed for user root
2026-02-16T15:39:11+0800 debian openclaw[1495367]: 2026-02-16T15:39:11.536+08:00 [openclaw] Non-fatal unhandled rejection (continuing): TypeError: fetch failed
2026-02-16T15:39:11+0800 debian openclaw[1495367]:     at node:internal/deps/undici/undici:14902:13
2026-02-16T15:39:11+0800 debian openclaw[1495367]:     at processTicksAndRejections (node:internal/process/task_queues:105:5)
2026-02-16T15:40:24+0800 debian sudo[1511444]: openclaw : PWD=/home/openclaw/.openclaw/workspace ; USER=root ; TSID=3Q ; COMMAND=/usr/bin/journalctl -u openclaw-gateway.service --no-pager --after-cursor s=57cd5fafc9094d9f9037ea5698ab3f3c;i=28aa600;b=15199fa9a7f74c5bb22db4054d049e58;m=4a3eea5accf;t=64aec0a3ddb6d;x=eed2280ecb64c4cd -o short-iso
2026-02-16T15:40:24+0800 debian sudo[1511444]: pam_unix(sudo:session): session opened for user root(uid=0) by (uid=1002)
2026-02-16T15:40:24+0800 debian sudo[1511444]: pam_unix(sudo:session): session closed for user root
2026-02-16T15:40:24+0800 debian sudo[1511447]: openclaw : PWD=/home/openclaw/.openclaw/workspace ; USER=root ; TSID=3R ; COMMAND=/usr/bin/journalctl -u openclaw-gateway.service -n 1 --show-cursor --no-pager
2026-02-16T15:40:24+0800 debian sudo[1511447]: pam_unix(sudo:session): session opened for user root(uid=0) by (uid=1002)
2026-02-16T15:40:24+0800 debian sudo[1511447]: pam_unix(sudo:session): session closed for user root
2026-02-16T15:40:24+0800 debian sudo[1511457]: openclaw : PWD=/home/openclaw/.openclaw/workspace ; USER=root ; TSID=3S ; COMMAND=/usr/bin/journalctl -u openclaw-gateway.service --since '5 minutes ago' --no-pager -o short-iso
2026-02-16T15:40:24+0800 debian sudo[1511457]: pam_unix(sudo:session): session opened for user root(uid=0) by (uid=1002)
