2026-02-16T12:25:36+0800 debian openclaw[1495367]: 2026-02-16T12:25:36.560+08:00 [tools] exec failed: Permission denied, please try again.
2026-02-16T12:25:36+0800 debian openclaw[1495367]: Command exited with code 5
2026-02-16T12:25:40+0800 debian sudo[1499414]: openclaw : PWD=/home/openclaw/.openclaw/workspace ; USER=root ; TSID=Y2 ; COMMAND=/usr/bin/apt-get install -y expect
2026-02-16T12:25:40+0800 debian sudo[1499414]: pam_unix(sudo:session): session opened for user root(uid=0) by (uid=1002)
2026-02-16T12:25:43+0800 debian sudo[1499414]: pam_unix(sudo:session): session closed for user root
2026-02-16T12:26:24+0800 debian openclaw[1495367]: 2026-02-16T04:26:24.152Z [diagnostic] stuck session: sessionId=unknown sessionKey=agent:main:main state=processing age=129s queueDepth=1
2026-02-16T12:26:24+0800 debian openclaw[1495367]: 2026-02-16T04:26:24.154Z [diagnostic] stuck session: sessionId=3e2e532e-43ec-4bf4-acac-6dfb195e8486 sessionKey=unknown state=processing age=128s queueDepth=0
2026-02-16T12:26:25+0800 debian sudo[1499539]: openclaw : PWD=/home/openclaw/.openclaw/workspace ; USER=root ; TSID=Y3 ; COMMAND=/usr/bin/journalctl -u openclaw-gateway.service --no-pager --after-cursor s=57cd5fafc9094d9f9037ea5698ab3f3c;i=28a7397;b=15199fa9a7f74c5bb22db4054d049e58;m=4a138abe2b2;t=64ae954441150;x=55348ce37cdc16ef -o short-iso
2026-02-16T12:26:25+0800 debian sudo[1499539]: pam_unix(sudo:session): session opened for user root(uid=0) by (uid=1002)
2026-02-16T12:26:25+0800 debian sudo[1499539]: pam_unix(sudo:session): session closed for user root
2026-02-16T12:26:25+0800 debian sudo[1499542]: openclaw : PWD=/home/openclaw/.openclaw/workspace ; USER=root ; TSID=Y4 ; COMMAND=/usr/bin/journalctl -u openclaw-gateway.service -n 1 --show-cursor --no-pager
2026-02-16T12:26:25+0800 debian sudo[1499542]: pam_unix(sudo:session): session opened for user root(uid=0) by (uid=1002)
2026-02-16T12:26:25+0800 debian sudo[1499542]: pam_unix(sudo:session): session closed for user root
2026-02-16T12:26:45+0800 debian openclaw[1495367]: 2026-02-16T12:26:45.207+08:00 [tools] exec failed: bash: line 1: sshpass: command not found
2026-02-16T12:26:45+0800 debian openclaw[1495367]: Command exited with code 127
2026-02-16T12:26:54+0800 debian openclaw[1495367]: 2026-02-16T04:26:54.149Z [diagnostic] stuck session: sessionId=unknown sessionKey=agent:main:main state=processing age=159s queueDepth=1
2026-02-16T12:26:54+0800 debian openclaw[1495367]: 2026-02-16T04:26:54.151Z [diagnostic] stuck session: sessionId=3e2e532e-43ec-4bf4-acac-6dfb195e8486 sessionKey=unknown state=processing age=158s queueDepth=0
2026-02-16T12:27:11+0800 debian openclaw[1495367]: 2026-02-16T12:27:11.194+08:00 [tools] exec failed: Warning: Permanently added '[67.230.172.130]:28696' (ED25519) to the list of known hosts.
2026-02-16T12:27:11+0800 debian openclaw[1495367]: Permission denied, please try again.
2026-02-16T12:27:11+0800 debian openclaw[1495367]: Command exited with code 5
2026-02-16T12:27:24+0800 debian openclaw[1495367]: 2026-02-16T04:27:24.149Z [diagnostic] stuck session: sessionId=unknown sessionKey=agent:main:main state=processing age=189s queueDepth=1
2026-02-16T12:27:24+0800 debian openclaw[1495367]: 2026-02-16T04:27:24.152Z [diagnostic] stuck session: sessionId=3e2e532e-43ec-4bf4-acac-6dfb195e8486 sessionKey=unknown state=processing age=188s queueDepth=0
2026-02-16T12:27:54+0800 debian openclaw[1495367]: 2026-02-16T04:27:54.153Z [diagnostic] stuck session: sessionId=unknown sessionKey=agent:main:main state=processing age=219s queueDepth=1
2026-02-16T12:27:54+0800 debian openclaw[1495367]: 2026-02-16T04:27:54.155Z [diagnostic] stuck session: sessionId=3e2e532e-43ec-4bf4-acac-6dfb195e8486 sessionKey=unknown state=processing age=218s queueDepth=0
2026-02-16T12:28:14+0800 debian openclaw[1495367]: 2026-02-16T12:28:14.062+08:00 [tools] exec failed: Permission denied, please try again.
2026-02-16T12:28:14+0800 debian openclaw[1495367]: Command exited with code 5
2026-02-16T12:28:22+0800 debian openclaw[1495367]: 2026-02-16T12:28:22.542+08:00 [tools] exec failed: ssh: connect to host 67.230.172.130 port 22: Connection refused
2026-02-16T12:28:22+0800 debian openclaw[1495367]: Command exited with code 255
2026-02-16T12:28:24+0800 debian openclaw[1495367]: 2026-02-16T04:28:24.152Z [diagnostic] stuck session: sessionId=unknown sessionKey=agent:main:main state=processing age=249s queueDepth=1
2026-02-16T12:28:24+0800 debian openclaw[1495367]: 2026-02-16T04:28:24.153Z [diagnostic] stuck session: sessionId=3e2e532e-43ec-4bf4-acac-6dfb195e8486 sessionKey=unknown state=processing age=248s queueDepth=0
2026-02-16T12:28:27+0800 debian sudo[1499700]: openclaw : PWD=/home/openclaw/.openclaw/workspace ; USER=root ; TSID=Y5 ; COMMAND=/usr/bin/journalctl -u openclaw-gateway.service --no-pager --after-cursor s=57cd5fafc9094d9f9037ea5698ab3f3c;i=28a7444;b=15199fa9a7f74c5bb22db4054d049e58;m=4a14006af60;t=64ae95b9eddfd;x=72fec691954701 -o short-iso
2026-02-16T12:28:27+0800 debian sudo[1499700]: pam_unix(sudo:session): session opened for user root(uid=0) by (uid=1002)
2026-02-16T12:28:27+0800 debian sudo[1499700]: pam_unix(sudo:session): session closed for user root
2026-02-16T12:28:27+0800 debian sudo[1499703]: openclaw : PWD=/home/openclaw/.openclaw/workspace ; USER=root ; TSID=Y6 ; COMMAND=/usr/bin/journalctl -u openclaw-gateway.service -n 1 --show-cursor --no-pager
2026-02-16T12:28:27+0800 debian sudo[1499703]: pam_unix(sudo:session): session opened for user root(uid=0) by (uid=1002)
2026-02-16T12:28:27+0800 debian sudo[1499703]: pam_unix(sudo:session): session closed for user root
2026-02-16T12:28:32+0800 debian openclaw[1495367]: 2026-02-16T12:28:32.487+08:00 [openclaw] Non-fatal unhandled rejection (continuing): TypeError: fetch failed
2026-02-16T12:28:32+0800 debian openclaw[1495367]:     at node:internal/deps/undici/undici:14902:13
2026-02-16T12:28:32+0800 debian openclaw[1495367]:     at processTicksAndRejections (node:internal/process/task_queues:105:5)
2026-02-16T12:28:32+0800 debian openclaw[1495367]: 2026-02-16T04:28:32.493Z [telegram] sendChatAction failed: Network request for 'sendChatAction' failed!
2026-02-16T12:30:22+0800 debian sudo[1499843]: openclaw : PWD=/home/openclaw/.openclaw/workspace ; USER=root ; TSID=Y7 ; COMMAND=/usr/bin/journalctl -u openclaw-gateway.service --no-pager --after-cursor s=57cd5fafc9094d9f9037ea5698ab3f3c;i=28a750b;b=15199fa9a7f74c5bb22db4054d049e58;m=4a14749cf25;t=64ae962e1fdc3;x=973734218ec34455 -o short-iso
2026-02-16T12:30:22+0800 debian sudo[1499843]: pam_unix(sudo:session): session opened for user root(uid=0) by (uid=1002)
2026-02-16T12:30:22+0800 debian sudo[1499843]: pam_unix(sudo:session): session closed for user root
2026-02-16T12:30:22+0800 debian sudo[1499846]: openclaw : PWD=/home/openclaw/.openclaw/workspace ; USER=root ; TSID=Y8 ; COMMAND=/usr/bin/journalctl -u openclaw-gateway.service -n 1 --show-cursor --no-pager
2026-02-16T12:30:22+0800 debian sudo[1499846]: pam_unix(sudo:session): session opened for user root(uid=0) by (uid=1002)
2026-02-16T12:30:22+0800 debian sudo[1499846]: pam_unix(sudo:session): session closed for user root
2026-02-16T12:30:22+0800 debian sudo[1499856]: openclaw : PWD=/home/openclaw/.openclaw/workspace ; USER=root ; TSID=Y9 ; COMMAND=/usr/bin/journalctl -u openclaw-gateway.service --since '5 minutes ago' --no-pager -o short-iso
2026-02-16T12:30:22+0800 debian sudo[1499856]: pam_unix(sudo:session): session opened for user root(uid=0) by (uid=1002)
