2026-02-16T17:12:24+0800 debian sudo[1514448]: openclaw : PWD=/home/openclaw/.openclaw/workspace ; USER=root ; TSID=7X ; COMMAND=/usr/bin/journalctl -u openclaw-gateway.service --no-pager --after-cursor s=57cd5fafc9094d9f9037ea5698ab3f3c;i=28aadd1;b=15199fa9a7f74c5bb22db4054d049e58;m=4a5378dbf34;t=64aed5325edd2;x=4798f5fae8cdb646 -o short-iso
2026-02-16T17:12:24+0800 debian sudo[1514448]: pam_unix(sudo:session): session opened for user root(uid=0) by (uid=1002)
2026-02-16T17:12:24+0800 debian sudo[1514448]: pam_unix(sudo:session): session closed for user root
2026-02-16T17:12:24+0800 debian sudo[1514451]: openclaw : PWD=/home/openclaw/.openclaw/workspace ; USER=root ; TSID=7Y ; COMMAND=/usr/bin/journalctl -u openclaw-gateway.service -n 1 --show-cursor --no-pager
2026-02-16T17:12:24+0800 debian sudo[1514451]: pam_unix(sudo:session): session opened for user root(uid=0) by (uid=1002)
2026-02-16T17:12:24+0800 debian sudo[1514451]: pam_unix(sudo:session): session closed for user root
2026-02-16T17:14:23+0800 debian sudo[1514500]: openclaw : PWD=/home/openclaw/.openclaw/workspace ; USER=root ; TSID=7Z ; COMMAND=/usr/bin/journalctl -u openclaw-gateway.service --no-pager --after-cursor s=57cd5fafc9094d9f9037ea5698ab3f3c;i=28aadfb;b=15199fa9a7f74c5bb22db4054d049e58;m=4a53ed19819;t=64aed5a69c6b7;x=56058869b74c85e5 -o short-iso
2026-02-16T17:14:23+0800 debian sudo[1514500]: pam_unix(sudo:session): session opened for user root(uid=0) by (uid=1002)
2026-02-16T17:14:23+0800 debian sudo[1514500]: pam_unix(sudo:session): session closed for user root
2026-02-16T17:14:23+0800 debian sudo[1514503]: openclaw : PWD=/home/openclaw/.openclaw/workspace ; USER=root ; TSID=80 ; COMMAND=/usr/bin/journalctl -u openclaw-gateway.service -n 1 --show-cursor --no-pager
2026-02-16T17:14:23+0800 debian sudo[1514503]: pam_unix(sudo:session): session opened for user root(uid=0) by (uid=1002)
2026-02-16T17:14:23+0800 debian sudo[1514503]: pam_unix(sudo:session): session closed for user root
2026-02-16T17:15:28+0800 debian openclaw[1495367]: 2026-02-16T17:15:28.400+08:00 [openclaw] Non-fatal unhandled rejection (continuing): TypeError: fetch failed
2026-02-16T17:15:28+0800 debian openclaw[1495367]:     at node:internal/deps/undici/undici:14902:13
2026-02-16T17:15:28+0800 debian openclaw[1495367]:     at processTicksAndRejections (node:internal/process/task_queues:105:5)
2026-02-16T17:16:23+0800 debian sudo[1514567]: openclaw : PWD=/home/openclaw/.openclaw/workspace ; USER=root ; TSID=81 ; COMMAND=/usr/bin/journalctl -u openclaw-gateway.service --no-pager --after-cursor s=57cd5fafc9094d9f9037ea5698ab3f3c;i=28aae19;b=15199fa9a7f74c5bb22db4054d049e58;m=4a545dea113;t=64aed6176cfb0;x=eda368fdb79281a0 -o short-iso
2026-02-16T17:16:23+0800 debian sudo[1514567]: pam_unix(sudo:session): session opened for user root(uid=0) by (uid=1002)
2026-02-16T17:16:23+0800 debian sudo[1514567]: pam_unix(sudo:session): session closed for user root
2026-02-16T17:16:23+0800 debian sudo[1514570]: openclaw : PWD=/home/openclaw/.openclaw/workspace ; USER=root ; TSID=82 ; COMMAND=/usr/bin/journalctl -u openclaw-gateway.service -n 1 --show-cursor --no-pager
2026-02-16T17:16:23+0800 debian sudo[1514570]: pam_unix(sudo:session): session opened for user root(uid=0) by (uid=1002)
2026-02-16T17:16:23+0800 debian sudo[1514570]: pam_unix(sudo:session): session closed for user root
2026-02-16T17:16:23+0800 debian sudo[1514580]: openclaw : PWD=/home/openclaw/.openclaw/workspace ; USER=root ; TSID=83 ; COMMAND=/usr/bin/journalctl -u openclaw-gateway.service --since '5 minutes ago' --no-pager -o short-iso
2026-02-16T17:16:23+0800 debian sudo[1514580]: pam_unix(sudo:session): session opened for user root(uid=0) by (uid=1002)
