2026-02-16T00:44:28+0800 debian sudo[1390875]: openclaw : PWD=/home/openclaw/.openclaw/workspace ; USER=root ; TSID=N3 ; COMMAND=/usr/bin/journalctl -u openclaw-gateway.service --no-pager --after-cursor s=57cd5fafc9094d9f9037ea5698ab3f3c;i=289c475;b=15199fa9a7f74c5bb22db4054d049e58;m=4976a91c574;t=64adf8629f412;x=90e01054b5d511f6 -o short-iso
2026-02-16T00:44:28+0800 debian sudo[1390875]: pam_unix(sudo:session): session opened for user root(uid=0) by (uid=1002)
2026-02-16T00:44:28+0800 debian sudo[1390875]: pam_unix(sudo:session): session closed for user root
2026-02-16T00:44:28+0800 debian sudo[1390878]: openclaw : PWD=/home/openclaw/.openclaw/workspace ; USER=root ; TSID=N4 ; COMMAND=/usr/bin/journalctl -u openclaw-gateway.service -n 1 --show-cursor --no-pager
2026-02-16T00:44:28+0800 debian sudo[1390878]: pam_unix(sudo:session): session opened for user root(uid=0) by (uid=1002)
2026-02-16T00:44:28+0800 debian sudo[1390878]: pam_unix(sudo:session): session closed for user root
2026-02-16T00:46:27+0800 debian sudo[1391041]: openclaw : PWD=/home/openclaw/.openclaw/workspace ; USER=root ; TSID=N5 ; COMMAND=/usr/bin/journalctl -u openclaw-gateway.service --no-pager --after-cursor s=57cd5fafc9094d9f9037ea5698ab3f3c;i=289c52e;b=15199fa9a7f74c5bb22db4054d049e58;m=49771a579a2;t=64adf8d3da840;x=c155851279280221 -o short-iso
2026-02-16T00:46:27+0800 debian sudo[1391041]: pam_unix(sudo:session): session opened for user root(uid=0) by (uid=1002)
2026-02-16T00:46:27+0800 debian sudo[1391041]: pam_unix(sudo:session): session closed for user root
2026-02-16T00:46:27+0800 debian sudo[1391044]: openclaw : PWD=/home/openclaw/.openclaw/workspace ; USER=root ; TSID=N6 ; COMMAND=/usr/bin/journalctl -u openclaw-gateway.service -n 1 --show-cursor --no-pager
2026-02-16T00:46:27+0800 debian sudo[1391044]: pam_unix(sudo:session): session opened for user root(uid=0) by (uid=1002)
2026-02-16T00:46:27+0800 debian sudo[1391044]: pam_unix(sudo:session): session closed for user root
2026-02-16T00:46:50+0800 debian openclaw[1356054]: 2026-02-16T00:46:50.574+08:00 [openclaw] Non-fatal unhandled rejection (continuing): TypeError: fetch failed
2026-02-16T00:46:50+0800 debian openclaw[1356054]:     at node:internal/deps/undici/undici:14902:13
2026-02-16T00:46:50+0800 debian openclaw[1356054]:     at processTicksAndRejections (node:internal/process/task_queues:105:5)
2026-02-16T00:46:56+0800 debian openclaw[1356054]: 2026-02-16T00:46:56.351+08:00 [openclaw] Non-fatal unhandled rejection (continuing): TypeError: fetch failed
2026-02-16T00:46:56+0800 debian openclaw[1356054]:     at node:internal/deps/undici/undici:14902:13
2026-02-16T00:46:56+0800 debian openclaw[1356054]:     at processTicksAndRejections (node:internal/process/task_queues:105:5)
2026-02-16T00:47:02+0800 debian openclaw[1356054]: 2026-02-16T00:47:02.224+08:00 [openclaw] Non-fatal unhandled rejection (continuing): TypeError: fetch failed
2026-02-16T00:47:02+0800 debian openclaw[1356054]:     at node:internal/deps/undici/undici:14902:13
2026-02-16T00:47:02+0800 debian openclaw[1356054]:     at processTicksAndRejections (node:internal/process/task_queues:105:5)
2026-02-16T00:47:08+0800 debian openclaw[1356054]: 2026-02-16T00:47:08.342+08:00 [openclaw] Non-fatal unhandled rejection (continuing): TypeError: fetch failed
2026-02-16T00:47:08+0800 debian openclaw[1356054]:     at node:internal/deps/undici/undici:14902:13
2026-02-16T00:47:08+0800 debian openclaw[1356054]:     at processTicksAndRejections (node:internal/process/task_queues:105:5)
2026-02-16T00:47:14+0800 debian openclaw[1356054]: 2026-02-16T00:47:14.845+08:00 [openclaw] Non-fatal unhandled rejection (continuing): TypeError: fetch failed
2026-02-16T00:47:14+0800 debian openclaw[1356054]:     at node:internal/deps/undici/undici:14902:13
2026-02-16T00:47:14+0800 debian openclaw[1356054]:     at processTicksAndRejections (node:internal/process/task_queues:105:5)
2026-02-16T00:47:22+0800 debian openclaw[1356054]: 2026-02-16T00:47:22.165+08:00 [openclaw] Non-fatal unhandled rejection (continuing): TypeError: fetch failed
2026-02-16T00:47:22+0800 debian openclaw[1356054]:     at node:internal/deps/undici/undici:14902:13
2026-02-16T00:47:22+0800 debian openclaw[1356054]:     at processTicksAndRejections (node:internal/process/task_queues:105:5)
2026-02-16T00:48:26+0800 debian openclaw[1356054]: 2026-02-15T16:48:26.110Z [agent/embedded] read tool called without path: toolCallId=call_77wasB0MNhjflFSlDxF0B48v|fc_09b454b4c235ff1b016991f8d9995c819a972ce796ea446d72 argsType=object
2026-02-16T00:48:29+0800 debian sudo[1391216]: openclaw : PWD=/home/openclaw/.openclaw/workspace ; USER=root ; TSID=N7 ; COMMAND=/usr/bin/journalctl -u openclaw-gateway.service --no-pager --after-cursor s=57cd5fafc9094d9f9037ea5698ab3f3c;i=289c5f8;b=15199fa9a7f74c5bb22db4054d049e58;m=49778be3a6a;t=64adf94566908;x=8bbed726a570259f -o short-iso
2026-02-16T00:48:29+0800 debian sudo[1391216]: pam_unix(sudo:session): session opened for user root(uid=0) by (uid=1002)
2026-02-16T00:48:29+0800 debian sudo[1391216]: pam_unix(sudo:session): session closed for user root
2026-02-16T00:48:29+0800 debian sudo[1391219]: openclaw : PWD=/home/openclaw/.openclaw/workspace ; USER=root ; TSID=N8 ; COMMAND=/usr/bin/journalctl -u openclaw-gateway.service -n 1 --show-cursor --no-pager
2026-02-16T00:48:29+0800 debian sudo[1391219]: pam_unix(sudo:session): session opened for user root(uid=0) by (uid=1002)
2026-02-16T00:48:29+0800 debian sudo[1391219]: pam_unix(sudo:session): session closed for user root
2026-02-16T00:48:29+0800 debian sudo[1391229]: openclaw : PWD=/home/openclaw/.openclaw/workspace ; USER=root ; TSID=N9 ; COMMAND=/usr/bin/journalctl -u openclaw-gateway.service --since '5 minutes ago' --no-pager -o short-iso
2026-02-16T00:48:29+0800 debian sudo[1391229]: pam_unix(sudo:session): session opened for user root(uid=0) by (uid=1002)
